Arguments: 
  /snap/node/3292/bin/node /usr/local/bin/yarnpkg config get registry

PATH: 
  /mnt/ALPHA/Projects/node_modules/.bin:/mnt/ALPHA/node_modules/.bin:/mnt/node_modules/.bin:/node_modules/.bin:/usr/local/lib/node_modules/npm/node_modules/@npmcli/run-script/lib/node-gyp-bin:/usr/local/bin:/opt/firefox/firefox:/home/latdell/bin:/home/latdell/.local/share/umake/bin:/home/latdell/.local/bin:/usr/local/sbin:/usr/local/bin:/usr/sbin:/usr/bin:/sbin:/bin:/usr/games:/usr/local/games:/snap/bin

Yarn version: 
  1.22.10

Node version: 
  12.19.0

Platform: 
  linux x64

Trace: 
  Error: EACCES: permission denied, write
      at writeSync (fs.js:679:3)
      at SyncWriteStream._write (internal/fs/sync_write_stream.js:24:3)
      at doWrite (_stream_writable.js:403:12)
      at writeOrBuffer (_stream_writable.js:387:5)
      at SyncWriteStream.Writable.write (_stream_writable.js:318:11)
      at ConsoleReporter._log (/usr/local/lib/node_modules/yarn/lib/cli.js:96330:17)
      at ConsoleReporter.log (/usr/local/lib/node_modules/yarn/lib/cli.js:96318:10)
      at get (/usr/local/lib/node_modules/yarn/lib/cli.js:87096:14)
      at Object.<anonymous> (/usr/local/lib/node_modules/yarn/lib/cli.js:25940:25)
      at Generator.next (<anonymous>)

npm manifest: 
  {
    "name": "rajusite",
    "version": "0.1.0",
    "private": true
  }

yarn manifest: 
  No manifest

Lockfile: 
  No lockfile
